
2022-12-12 11:50:03...installerHook: Could not find custom/install/install_hooks.php
2022-12-12 11:50:17...installerHook: Could not find custom/install/install_hooks.php
2022-12-12 11:50:20...installerHook: Could not find custom/install/install_hooks.php
2022-12-12 11:50:24...Begin System Check Process *************
2022-12-12 11:50:25...XML Parsing Support Found
2022-12-12 11:50:25...MBString Support Found
2022-12-12 11:50:25...ZIP Support Found
2022-12-12 11:50:25.../custom directory and subdirectory check passed
2022-12-12 11:50:25...cache directory and subdirectory check passed
2022-12-12 11:50:25.../module  directory and subdirectory check passed
2022-12-12 11:50:25.../upload directory check passed
2022-12-12 11:50:25.../zip check passed
2022-12-12 11:50:25...PCRE version check passed
2022-12-12 11:50:25...installerHook: Could not find custom/install/install_hooks.php
2022-12-12 11:50:25...php.ini location found. D:\wamp64\bin\apache\apache2.4.46\bin\php.ini
2022-12-12 11:50:25...Outputting HTML for System check
2022-12-12 11:50:25...No Errors were found *************
2022-12-12 11:50:28...installerHook: Could not find custom/install/install_hooks.php
2022-12-12 11:50:30...installerHook: Could not find custom/install/install_hooks.php
2022-12-12 11:50:32...installerHook: Could not find custom/install/install_hooks.php
2022-12-12 11:51:40...Begin DB Check Process *************
2022-12-12 11:51:40...testing with mysql:mysqli
2022-12-12 11:51:40...Basic form info is valid, continuing Process.
2022-12-12 11:51:40...Testing user account...
2022-12-12 11:51:40...Connection made using  host: localhost, usr: root
2022-12-12 11:51:40...Testing priviliged account...
2022-12-12 11:51:40...Connection made using  host: localhost, usr: root
2022-12-12 11:51:40...DB not selected, will create sugarcrm1
2022-12-12 11:51:40...Passed DB install check
2022-12-12 11:51:40...SUCCESS:: no errors detected!
2022-12-12 11:51:40...End DB Check Process *************
2022-12-12 11:51:40...installerHook: Could not find custom/install/install_hooks.php
2022-12-12 11:51:52...installerHook: Could not find custom/install/install_hooks.php
2022-12-12 11:52:03...installerHook: Could not find custom/install/install_hooks.php
2022-12-12 11:52:03...calling handleSugarConfig()
2022-12-12 11:52:03...calling handleLog4Php()
2022-12-12 11:52:03...calling handleHtaccess()
2022-12-12 11:52:03...calling handleDbCreateDatabase()
2022-12-12 11:52:04...looping through all the Beans and create their tables
2022-12-12 11:52:04...processing table acl_actions
2022-12-12 11:52:04...creating table acl_actions
2022-12-12 11:52:04...creating Relationship Meta for ACLAction
2022-12-12 11:52:04...processing table acl_roles
2022-12-12 11:52:04...creating table acl_roles
2022-12-12 11:52:04...creating Relationship Meta for ACLRole
2022-12-12 11:52:04...processing table relationships
2022-12-12 11:52:04...creating table relationships
2022-12-12 11:52:04...creating Relationship Meta for Relationship
2022-12-12 11:52:05...processing table leads
2022-12-12 11:52:05...creating table leads
2022-12-12 11:52:05...creating Relationship Meta for Lead
2022-12-12 11:52:05...processing table cases
2022-12-12 11:52:05...creating table cases
2022-12-12 11:52:05...creating Relationship Meta for Case
2022-12-12 11:52:05...processing table bugs
2022-12-12 11:52:05...creating table bugs
2022-12-12 11:52:05...creating Relationship Meta for Bug
2022-12-12 11:52:05...processing table users
2022-12-12 11:52:05...creating table users
2022-12-12 11:52:05...creating Relationship Meta for User
2022-12-12 11:52:05...processing table campaign_log
2022-12-12 11:52:05...creating table campaign_log
2022-12-12 11:52:05...creating Relationship Meta for CampaignLog
2022-12-12 11:52:06...processing table project
2022-12-12 11:52:06...creating table project
2022-12-12 11:52:06...creating Relationship Meta for Project
2022-12-12 11:52:06...processing table project_task
2022-12-12 11:52:06...creating table project_task
2022-12-12 11:52:06...creating Relationship Meta for ProjectTask
2022-12-12 11:52:06...processing table campaigns
2022-12-12 11:52:06...creating table campaigns
2022-12-12 11:52:06...creating Relationship Meta for Campaign
2022-12-12 11:52:06...processing table prospect_lists
2022-12-12 11:52:06...creating table prospect_lists
2022-12-12 11:52:06...creating Relationship Meta for ProspectList
2022-12-12 11:52:06...processing table prospects
2022-12-12 11:52:06...creating table prospects
2022-12-12 11:52:06...creating Relationship Meta for Prospect
2022-12-12 11:52:07...processing table email_marketing
2022-12-12 11:52:07...creating table email_marketing
2022-12-12 11:52:07...creating Relationship Meta for EmailMarketing
2022-12-12 11:52:07...processing table campaign_trkrs
2022-12-12 11:52:07...creating table campaign_trkrs
2022-12-12 11:52:07...creating Relationship Meta for CampaignTracker
2022-12-12 11:52:07...processing table releases
2022-12-12 11:52:07...creating table releases
2022-12-12 11:52:07...creating Relationship Meta for Release
2022-12-12 11:52:07...processing table emailman
2022-12-12 11:52:07...creating table emailman
2022-12-12 11:52:07...creating Relationship Meta for EmailMan
2022-12-12 11:52:07...processing table schedulers
2022-12-12 11:52:07...creating table schedulers
2022-12-12 11:52:07...creating Relationship Meta for Scheduler
2022-12-12 11:52:07...processing table job_queue
2022-12-12 11:52:07...creating table job_queue
2022-12-12 11:52:07...creating Relationship Meta for SchedulersJob
2022-12-12 11:52:07...processing table contacts
2022-12-12 11:52:07...creating table contacts
2022-12-12 11:52:07...creating Relationship Meta for Contact
2022-12-12 11:52:07...processing table accounts
2022-12-12 11:52:08...creating table accounts
2022-12-12 11:52:08...creating Relationship Meta for Account
2022-12-12 11:52:08...processing table opportunities
2022-12-12 11:52:08...creating table opportunities
2022-12-12 11:52:08...creating Relationship Meta for Opportunity
2022-12-12 11:52:08...processing table email_templates
2022-12-12 11:52:08...creating table email_templates
2022-12-12 11:52:08...creating Relationship Meta for EmailTemplate
2022-12-12 11:52:08...processing table notes
2022-12-12 11:52:08...creating table notes
2022-12-12 11:52:08...creating Relationship Meta for Note
2022-12-12 11:52:08...processing table calls
2022-12-12 11:52:08...creating table calls
2022-12-12 11:52:08...creating Relationship Meta for Call
2022-12-12 11:52:08...processing table emails
2022-12-12 11:52:09...creating table emails
2022-12-12 11:52:09...creating Relationship Meta for Email
2022-12-12 11:52:09...processing table meetings
2022-12-12 11:52:09...creating table meetings
2022-12-12 11:52:09...creating Relationship Meta for Meeting
2022-12-12 11:52:09...processing table tasks
2022-12-12 11:52:09...creating table tasks
2022-12-12 11:52:09...creating Relationship Meta for Task
2022-12-12 11:52:09...processing table users
2022-12-12 11:52:09...processing table users
2022-12-12 11:52:09...processing table currencies
2022-12-12 11:52:09...creating table currencies
2022-12-12 11:52:09...creating Relationship Meta for Currency
2022-12-12 11:52:09...processing table tracker
2022-12-12 11:52:09...creating table tracker
2022-12-12 11:52:09...creating Relationship Meta for Tracker
2022-12-12 11:52:09...processing table import_maps
2022-12-12 11:52:09...creating table import_maps
2022-12-12 11:52:09...creating Relationship Meta for ImportMap
2022-12-12 11:52:09...processing table users_last_import
2022-12-12 11:52:09...creating table users_last_import
2022-12-12 11:52:09...creating Relationship Meta for UsersLastImport
2022-12-12 11:52:09...processing table config
2022-12-12 11:52:09...creating table config
2022-12-12 11:52:09...creating Relationship Meta for Administration
2022-12-12 11:52:09...processing table upgrade_history
2022-12-12 11:52:09...creating table upgrade_history
2022-12-12 11:52:09...creating Relationship Meta for UpgradeHistory
2022-12-12 11:52:09...processing table vcals
2022-12-12 11:52:09...creating table vcals
2022-12-12 11:52:09...creating Relationship Meta for vCal
2022-12-12 11:52:09...processing table versions
2022-12-12 11:52:10...creating table versions
2022-12-12 11:52:10...creating Relationship Meta for Version
2022-12-12 11:52:10...processing table roles
2022-12-12 11:52:10...creating table roles
2022-12-12 11:52:10...creating Relationship Meta for Role
2022-12-12 11:52:10...processing table documents
2022-12-12 11:52:10...creating table documents
2022-12-12 11:52:10...creating Relationship Meta for Document
2022-12-12 11:52:10...processing table document_revisions
2022-12-12 11:52:10...creating table document_revisions
2022-12-12 11:52:10...creating Relationship Meta for DocumentRevision
2022-12-12 11:52:10...processing table fields_meta_data
2022-12-12 11:52:10...creating table fields_meta_data
2022-12-12 11:52:10...creating Relationship Meta for FieldsMetaData
2022-12-12 11:52:10...processing table inbound_email
2022-12-12 11:52:10...creating table inbound_email
2022-12-12 11:52:10...creating Relationship Meta for InboundEmail
2022-12-12 11:52:10...processing table saved_search
2022-12-12 11:52:10...creating table saved_search
2022-12-12 11:52:10...creating Relationship Meta for SavedSearch
2022-12-12 11:52:10...processing table user_preferences
2022-12-12 11:52:10...creating table user_preferences
2022-12-12 11:52:10...creating Relationship Meta for UserPreference
2022-12-12 11:52:10...processing table 
2022-12-12 11:52:10...processing table email_addresses
2022-12-12 11:52:10...creating table email_addresses
2022-12-12 11:52:10...creating Relationship Meta for EmailAddress
2022-12-12 11:52:10...processing table emails_text
2022-12-12 11:52:10...creating table emails_text
2022-12-12 11:52:10...creating Relationship Meta for EmailText
2022-12-12 11:52:10...processing table sugarfeed
2022-12-12 11:52:10...creating table sugarfeed
2022-12-12 11:52:10...creating Relationship Meta for SugarFeed
2022-12-12 11:52:11...processing table eapm
2022-12-12 11:52:11...creating table eapm
2022-12-12 11:52:11...creating Relationship Meta for EAPM
2022-12-12 11:52:11...processing table oauth_consumer
2022-12-12 11:52:11...creating table oauth_consumer
2022-12-12 11:52:11...creating Relationship Meta for OAuthKey
2022-12-12 11:52:11...processing table oauth_tokens
2022-12-12 11:52:11...creating table oauth_tokens
2022-12-12 11:52:11...creating Relationship Meta for OAuthToken
2022-12-12 11:52:13...Begin creating Defaults
2022-12-12 11:52:13...insert defaults into config table
2022-12-12 11:52:13...Creating default users
2022-12-12 11:52:13...Creating default scheduler jobs
2022-12-12 11:52:14...Enable SugarFeeds
2022-12-12 11:52:14...Enable InsideView Connector
2022-12-12 11:52:14...Creating FTS logic hook
2022-12-12 11:52:14...populating the db with seed data
2022-12-12 11:52:14...Installation has completed *********
2022-12-12 11:52:24...installerHook: Could not find custom/install/install_hooks.php